<?xml version="1.0" encoding="UTF-8"?>
<testsuite xmlns:xsi="http://www.w3.org/2001/XMLSchema-instance" xsi:noNamespaceSchemaLocation="https://maven.apache.org/surefire/maven-surefire-plugin/xsd/surefire-test-report.xsd" name="eu.food.service.ProductServiceImplTest" time="0.052" tests="3" errors="0" skipped="0" failures="0">
  <properties>
[...]
</properties>
  <testcase name="testSearchNullOrBlank" classname="eu.food.service.ProductServiceImplTest" time="0.009"/>
  <testcase name="testSearchNoProducts" classname="eu.food.service.ProductServiceImplTest" time="0.015"/>
  <testcase name="testSearch" classname="eu.food.service.ProductServiceImplTest" time="0.018"/>
</testsuite>